2019-02-16 14:05:52.973 [main] DEBUG com.imooc.o2o.dao.ShopDao.insertShop - ==>  Preparing: INSERT INTO tb_shop (owner_id,area_id,shop_category_id,shop_name,shop_desc, shop_addr,phone,shop_img,priority,create_time,last_edit_time,enable_status,advice) VALUES (?,?,?, ?,?,?,?,?, ?,?,?,?,?) 
2019-02-16 14:05:53.262 [main] DEBUG com.imooc.o2o.dao.ShopDao.insertShop - ==> Parameters: 1(Long), 3(Integer), 2(Long), back(String), back(String), back(String), back(String), back(String), null, 2019-02-16 14:05:51.973(Timestamp), null, 1(Integer), 审核中(String)
2019-02-16 14:05:53.423 [main] DEBUG com.imooc.o2o.dao.ShopDao.insertShop - <==    Updates: 1
2019-02-16 14:15:20.100 [main] DEBUG com.imooc.o2o.dao.ShopDao.updateShop - ==>  Preparing: update tb_shop SET shop_desc=?, shop_addr=?, last_edit_time=? where shop_id=? 
2019-02-16 14:15:20.185 [main] DEBUG com.imooc.o2o.dao.ShopDao.updateShop - ==> Parameters: 一支穿云箭(String), 千军万马来相见(String), 2019-02-16 14:15:19.344(Timestamp), 1(Long)
2019-02-16 14:15:20.297 [main] DEBUG com.imooc.o2o.dao.ShopDao.updateShop - <==    Updates: 1
2019-02-16 14:17:18.913 [main] DEBUG com.imooc.o2o.dao.ShopDao.insertShop - ==>  Preparing: INSERT INTO tb_shop (owner_id,area_id,shop_category_id,shop_name,shop_desc, shop_addr,phone,shop_img,priority,create_time,last_edit_time,enable_status,advice) VALUES (?,?,?, ?,?,?,?,?, ?,?,?,?,?) 
2019-02-16 14:17:18.984 [main] DEBUG com.imooc.o2o.dao.ShopDao.insertShop - ==> Parameters: 1(Long), 1(Integer), 2(Long), service(String), service(String), service(String), service(String), null, null, 2019-02-16 14:17:18.871(Timestamp), 2019-02-16 14:17:18.871(Timestamp), 0(Integer), service(String)
2019-02-16 14:17:18.997 [main] DEBUG com.imooc.o2o.dao.ShopDao.insertShop - <==    Updates: 1
2019-02-16 14:17:19.019 [main] DEBUG com.imooc.o2o.web.superadmin.AreaController - 当前路径 current relativeAddr is:  upload\item\shop40\2019021614171940272.jpg
2019-02-16 14:17:19.019 [main] DEBUG com.imooc.o2o.web.superadmin.AreaController - 当前完整路径 current completeAddr is:  C:\Users\pc\Desktop\o2oImg\upload\item\shop40\2019021614171940272.jpg
2019-02-16 14:17:19.905 [main] DEBUG com.imooc.o2o.dao.ShopDao.updateShop - ==>  Preparing: update tb_shop SET shop_name=?, shop_desc=?, shop_addr=?, phone=?, shop_img=?, last_edit_time=?, enable_status=?, advice=?, area_id=?, shop_category_id=? where shop_id=? 
2019-02-16 14:17:19.907 [main] DEBUG com.imooc.o2o.dao.ShopDao.updateShop - ==> Parameters: service(String), service(String), service(String), service(String), upload\item\shop40\2019021614171940272.jpg(String), 2019-02-16 14:17:18.871(Timestamp), 0(Integer), service(String), 1(Integer), 2(Long), 40(Long)
2019-02-16 14:17:19.935 [main] DEBUG com.imooc.o2o.dao.ShopDao.updateShop - <==    Updates: 1
2019-02-16 15:09:39.311 [main] DEBUG com.imooc.o2o.dao.ShopDao.queryByShopId - ==>  Preparing: SELECT s.shop_id, s.shop_name, s.shop_desc, s.shop_addr, s.phone, s.shop_img, s.priority, s.create_time, s.last_edit_time, s.enable_status, s.advice, a.area_id, a.area_name, sc.shop_category_id, sc.shop_category_name FROM tb_shop s, tb_area a, tb_shop_category sc WHERE s.area_id=a.area_id AND s.shop_category_id =sc.shop_category_id AND s.shop_id=? 
2019-02-16 15:09:39.413 [main] DEBUG com.imooc.o2o.dao.ShopDao.queryByShopId - ==> Parameters: 36(Long)
2019-02-16 15:09:39.443 [main] DEBUG com.imooc.o2o.dao.ShopDao.queryByShopId - <==      Total: 1
2019-02-16 15:11:06.985 [main] DEBUG com.imooc.o2o.dao.ShopDao.queryByShopId - ==>  Preparing: SELECT s.shop_id, s.shop_name, s.shop_desc, s.shop_addr, s.phone, s.shop_img, s.priority, s.create_time, s.last_edit_time, s.enable_status, s.advice, a.area_id, a.area_name, sc.shop_category_id, sc.shop_category_name FROM tb_shop s, tb_area a, tb_shop_category sc WHERE s.area_id=a.area_id AND s.shop_category_id =sc.shop_category_id AND s.shop_id=? 
2019-02-16 15:11:07.065 [main] DEBUG com.imooc.o2o.dao.ShopDao.queryByShopId - ==> Parameters: 36(Long)
2019-02-16 15:11:07.095 [main] DEBUG com.imooc.o2o.dao.ShopDao.queryByShopId - <==      Total: 1
2019-02-16 15:26:57.495 [main] DEBUG com.imooc.o2o.dao.ShopDao.queryByShopId - ==>  Preparing: SELECT s.shop_id, s.shop_name, s.shop_desc, s.shop_addr, s.phone, s.shop_img, s.priority, s.create_time, s.last_edit_time, s.enable_status, s.advice, a.area_id, a.area_name, sc.shop_category_id, sc.shop_category_name FROM tb_shop s, tb_area a, tb_shop_category sc WHERE s.area_id=a.area_id AND s.shop_category_id =sc.shop_category_id AND s.shop_id=? 
2019-02-16 15:26:57.604 [main] DEBUG com.imooc.o2o.dao.ShopDao.queryByShopId - ==> Parameters: 37(Long)
2019-02-16 15:26:57.644 [main] DEBUG com.imooc.o2o.dao.ShopDao.queryByShopId - <==      Total: 1
2019-02-16 15:26:57.827 [main] DEBUG com.imooc.o2o.web.superadmin.AreaController - 当前路径 current relativeAddr is:  upload\item\shop37\2019021615265769487.jpg
2019-02-16 15:26:57.828 [main] DEBUG com.imooc.o2o.web.superadmin.AreaController - 当前完整路径 current completeAddr is:  C:\Users\pc\Desktop\o2oImg\upload\item\shop37\2019021615265769487.jpg
2019-02-16 15:26:59.002 [main] DEBUG com.imooc.o2o.dao.ShopDao.updateShop - ==>  Preparing: update tb_shop SET shop_name=?, shop_img=?, last_edit_time=? where shop_id=? 
2019-02-16 15:26:59.010 [main] DEBUG com.imooc.o2o.dao.ShopDao.updateShop - ==> Parameters: 修改名称后的店铺 名称(String), upload\item\shop37\2019021615265769487.jpg(String), 2019-02-16 15:26:58.904(Timestamp), 37(Long)
2019-02-16 15:26:59.108 [main] DEBUG com.imooc.o2o.dao.ShopDao.updateShop - <==    Updates: 1
2019-02-16 15:26:59.110 [main] DEBUG com.imooc.o2o.dao.ShopDao.queryByShopId - ==>  Preparing: SELECT s.shop_id, s.shop_name, s.shop_desc, s.shop_addr, s.phone, s.shop_img, s.priority, s.create_time, s.last_edit_time, s.enable_status, s.advice, a.area_id, a.area_name, sc.shop_category_id, sc.shop_category_name FROM tb_shop s, tb_area a, tb_shop_category sc WHERE s.area_id=a.area_id AND s.shop_category_id =sc.shop_category_id AND s.shop_id=? 
2019-02-16 15:26:59.111 [main] DEBUG com.imooc.o2o.dao.ShopDao.queryByShopId - ==> Parameters: 37(Long)
2019-02-16 15:26:59.116 [main] DEBUG com.imooc.o2o.dao.ShopDao.queryByShopId - <==      Total: 1
